\BOOKMARK [0][-]{chapter*.1}{\376\377\000P\000r\000e\000f\000a\000c\000e}{}% 1
\BOOKMARK [1][-]{section.0.1}{\376\377\0000\000.\0001\000.\000\040\000W\000h\000y\000\040\000d\000o\000e\000s\000\040\000t\000h\000i\000s\000\040\000b\000o\000o\000k\000\040\000e\000x\000i\000s\000t\000?}{chapter*.1}% 2
\BOOKMARK [1][-]{section.0.2}{\376\377\0000\000.\0002\000.\000\040\000S\000e\000c\000r\000e\000t\000\040\000S\000a\000u\000c\000e}{chapter*.1}% 3
\BOOKMARK [1][-]{section.0.3}{\376\377\0000\000.\0003\000.\000\040\000A\000\040\000s\000m\000a\000l\000l\000\040\000h\000i\000s\000t\000o\000r\000y}{chapter*.1}% 4
\BOOKMARK [0][-]{chapter*.2}{\376\377\000H\000o\000w\000\040\000t\000o\000\040\000u\000s\000e\000\040\000t\000h\000i\000s\000\040\000b\000o\000o\000k}{}% 5
\BOOKMARK [1][-]{section.0.4}{\376\377\0000\000.\0004\000.\000\040\000P\000r\000e\000r\000e\000q\000u\000i\000s\000i\000t\000e\000s}{chapter*.2}% 6
\BOOKMARK [1][-]{section.0.5}{\376\377\0000\000.\0005\000.\000\040\000S\000t\000r\000u\000c\000t\000u\000r\000e\000\040\000o\000f\000\040\000t\000h\000e\000\040\000b\000o\000o\000k}{chapter*.2}% 7
\BOOKMARK [1][-]{section.0.6}{\376\377\0000\000.\0006\000.\000\040\000A\000p\000p\000r\000o\000a\000c\000h}{chapter*.2}% 8
\BOOKMARK [1][-]{section.0.7}{\376\377\0000\000.\0007\000.\000\040\000B\000l\000u\000n\000t\000l\000y\000\040\000s\000p\000e\000a\000k\000i\000n\000g\000.\000.\000.}{chapter*.2}% 9
\BOOKMARK [-1][-]{part.1}{\376\377\000P\000a\000r\000t\000\040\0001\000.\000\040\000S\000a\000l\000e\000s\000\040\000P\000i\000t\000c\000h}{}% 10
\BOOKMARK [0][-]{chapter.1}{\376\377\000C\000h\000a\000p\000t\000e\000r\000\040\0001\000.\000\040\000I\000n\000t\000r\000o\000d\000u\000c\000t\000o\000r\000y\000\040\000P\000r\000o\000b\000l\000e\000m\000s}{part.1}% 11
\BOOKMARK [1][-]{section.1.1}{\376\377\0001\000.\0001\000.\000\040\000I\000n\000t\000r\000o\000d\000u\000c\000t\000i\000o\000n}{chapter.1}% 12
\BOOKMARK [1][-]{section*.3}{\376\377\000E\000x\000e\000r\000c\000i\000s\000e\000s}{chapter.1}% 13
\BOOKMARK [-1][-]{part.2}{\376\377\000P\000a\000r\000t\000\040\0002\000.\000\040\000C\000o\000m\000b\000i\000n\000a\000t\000o\000r\000i\000c\000s}{}% 14
\BOOKMARK [0][-]{chapter.2}{\376\377\000C\000h\000a\000p\000t\000e\000r\000\040\0002\000.\000\040\000P\000e\000r\000m\000u\000t\000a\000t\000i\000o\000n\000s\000\040\000a\000n\000d\000\040\000C\000o\000m\000b\000i\000n\000a\000t\000i\000o\000n\000s\000\040\000a\000n\000d\000\040\000a\000\040\000p\000i\000n\000c\000h\000\040\000o\000f\000\040\000P\000r\000o\000b\000a\000b\000i\000l\000i\000t\000y}{part.2}% 15
\BOOKMARK [1][-]{section.2.1}{\376\377\0002\000.\0001\000.\000\040\000F\000u\000n\000d\000a\000m\000e\000n\000t\000a\000l\000\040\000P\000r\000i\000n\000c\000i\000p\000l\000e\000\040\000o\000f\000\040\000C\000o\000u\000n\000t\000i\000n\000g}{chapter.2}% 16
\BOOKMARK [1][-]{section.2.2}{\376\377\0002\000.\0002\000.\000\040\000E\000q\000u\000i\000v\000a\000l\000e\000n\000c\000e}{chapter.2}% 17
\BOOKMARK [1][-]{section.2.3}{\376\377\0002\000.\0003\000.\000\040\000T\000h\000e\000\040\000s\000p\000e\000c\000i\000a\000l\000\040\000s\000i\000g\000n\000!}{chapter.2}% 18
\BOOKMARK [1][-]{section.2.4}{\376\377\0002\000.\0004\000.\000\040\000C\000r\000i\000m\000i\000n\000a\000l\000\040\000L\000i\000n\000e\000u\000p\000s}{chapter.2}% 19
\BOOKMARK [1][-]{section.2.5}{\376\377\0002\000.\0005\000.\000\040\000C\000i\000r\000c\000l\000e\000s}{chapter.2}% 20
\BOOKMARK [1][-]{section.2.6}{\376\377\0002\000.\0006\000.\000\040\000T\000e\000a\000m\000\040\000s\000e\000l\000e\000c\000t\000i\000o\000n}{chapter.2}% 21
\BOOKMARK [1][-]{section.2.7}{\376\377\0002\000.\0007\000.\000\040\000S\000u\000b\000s\000e\000t\000s}{chapter.2}% 22
\BOOKMARK [1][-]{section.2.8}{\376\377\0002\000.\0008\000.\000\040\000P\000r\000o\000b\000a\000b\000i\000l\000i\000t\000y}{chapter.2}% 23
\BOOKMARK [1][-]{section.2.9}{\376\377\0002\000.\0009\000.\000\040\000E\000x\000e\000r\000c\000i\000s\000e}{chapter.2}% 24
\BOOKMARK [1][-]{section*.4}{\376\377\000E\000x\000e\000r\000c\000i\000s\000e\000s}{chapter.2}% 25
\BOOKMARK [0][-]{chapter.3}{\376\377\000C\000h\000a\000p\000t\000e\000r\000\040\0003\000.\000\040\000S\000o\000m\000e\000\040\000m\000e\000t\000h\000o\000d\000s\000\040\000o\000f\000\040\000c\000o\000u\000n\000t\000i\000n\000g}{part.2}% 26
\BOOKMARK [1][-]{section.3.1}{\376\377\0003\000.\0001\000.\000\040\000C\000a\000s\000e\000w\000o\000r\000k}{chapter.3}% 27
\BOOKMARK [1][-]{section.3.2}{\376\377\0003\000.\0002\000.\000\040\000C\000o\000m\000p\000l\000e\000m\000e\000n\000t\000a\000r\000y\000\040\000C\000o\000u\000n\000t\000i\000n\000g}{chapter.3}% 28
\BOOKMARK [1][-]{section.3.3}{\376\377\0003\000.\0003\000.\000\040\000P\000r\000i\000n\000c\000i\000p\000l\000e\000\040\000o\000f\000\040\000I\000n\000c\000l\000u\000s\000i\000o\000n\000\040\000a\000n\000d\000\040\000E\000x\000c\000l\000u\000s\000i\000o\000n}{chapter.3}% 29
\BOOKMARK [1][-]{section.3.4}{\376\377\0003\000.\0004\000.\000\040\000E\000x\000e\000r\000c\000i\000s\000e\000s}{chapter.3}% 30
\BOOKMARK [1][-]{section*.5}{\376\377\000E\000x\000e\000r\000c\000i\000s\000e\000s}{chapter.3}% 31
\BOOKMARK [0][-]{chapter.4}{\376\377\000C\000h\000a\000p\000t\000e\000r\000\040\0004\000.\000\040\000A\000\040\000g\000u\000e\000s\000s\000i\000n\000g\000\040\000g\000a\000m\000e}{part.2}% 32
\BOOKMARK [1][-]{section*.6}{\376\377\000E\000x\000e\000r\000c\000i\000s\000e\000s}{chapter.4}% 33
\BOOKMARK [0][-]{chapter.5}{\376\377\000C\000h\000a\000p\000t\000e\000r\000\040\0005\000.\000\040\000S\000t\000a\000r\000s\000,\000\040\000B\000a\000r\000s\000\040\000a\000n\000d\000\040\000H\000o\000c\000k\000e\000y\000\040\000S\000t\000i\000c\000k\000s}{part.2}% 34
\BOOKMARK [1][-]{section.5.1}{\376\377\0005\000.\0001\000.\000\040\000S\000t\000a\000r\000s\000\040\000a\000n\000d\000\040\000B\000a\000r\000s}{chapter.5}% 35
\BOOKMARK [1][-]{section.5.2}{\376\377\0005\000.\0002\000.\000\040\000C\000o\000u\000n\000t\000i\000n\000g\000\040\000i\000n\000\040\000t\000w\000o\000\040\000w\000a\000y\000s}{chapter.5}% 36
\BOOKMARK [1][-]{section.5.3}{\376\377\0005\000.\0003\000.\000\040\000P\000a\000s\000c\000a\000l\000'\000s\000\040\000T\000r\000i\000a\000n\000g\000l\000e}{chapter.5}% 37
\BOOKMARK [1][-]{section.5.4}{\376\377\0005\000.\0004\000.\000\040\000E\000x\000e\000r\000c\000i\000s\000e\000s}{chapter.5}% 38
\BOOKMARK [1][-]{section*.7}{\376\377\000E\000x\000e\000r\000c\000i\000s\000e\000s}{chapter.5}% 39
\BOOKMARK [0][-]{chapter.6}{\376\377\000C\000h\000a\000p\000t\000e\000r\000\040\0006\000.\000\040\000G\000e\000o\000m\000e\000t\000r\000i\000c\000a\000l\000\040\000C\000o\000m\000b\000i\000n\000a\000t\000o\000r\000i\000c\000s}{part.2}% 40
\BOOKMARK [1][-]{section.6.1}{\376\377\0006\000.\0001\000.\000\040\000G\000e\000o\000m\000e\000t\000r\000i\000c\000\040\000C\000o\000u\000n\000t\000i\000n\000g}{chapter.6}% 41
\BOOKMARK [1][-]{section.6.2}{\376\377\0006\000.\0002\000.\000\040\000G\000e\000o\000m\000e\000t\000r\000i\000c\000\040\000P\000r\000o\000b\000a\000b\000i\000l\000i\000t\000y}{chapter.6}% 42
\BOOKMARK [1][-]{section*.8}{\376\377\000E\000x\000e\000r\000c\000i\000s\000e\000s}{chapter.6}% 43
\BOOKMARK [-1][-]{part.3}{\376\377\000P\000a\000r\000t\000\040\0003\000.\000\040\000D\000o\000w\000n\000\040\000t\000h\000e\000\040\000R\000a\000b\000b\000i\000t\000\040\000H\000o\000l\000e}{}% 44
\BOOKMARK [0][-]{chapter.7}{\376\377\000C\000h\000a\000p\000t\000e\000r\000\040\0007\000.\000\040\000P\000o\000w\000e\000r\000\040\000U\000p\000\040\000U\000n\000l\000o\000c\000k\000e\000d\000!}{part.3}% 45
\BOOKMARK [1][-]{section.7.1}{\376\377\0007\000.\0001\000.\000\040\000R\000e\000c\000u\000r\000s\000i\000o\000n}{chapter.7}% 46
\BOOKMARK [1][-]{section.7.2}{\376\377\0007\000.\0002\000.\000\040\000F\000i\000b\000o\000n\000a\000c\000c\000i\000\040\000S\000e\000q\000u\000e\000n\000c\000e}{chapter.7}% 47
\BOOKMARK [1][-]{section.7.3}{\376\377\0007\000.\0003\000.\000\040\000S\000o\000l\000v\000i\000n\000g\000\040\000L\000i\000n\000e\000r\000\040\000R\000e\000c\000u\000r\000s\000i\000o\000n}{chapter.7}% 48
\BOOKMARK [1][-]{section.7.4}{\376\377\0007\000.\0004\000.\000\040\000B\000i\000n\000e\000t\000'\000s\000\040\000F\000o\000r\000m\000u\000l\000a}{chapter.7}% 49
\BOOKMARK [1][-]{section.7.5}{\376\377\0007\000.\0005\000.\000\040\000B\000u\000t\000\040\000W\000a\000i\000t\000,\000\040\000w\000h\000a\000t\000\040\000i\000f\000\040\000t\000h\000e\000\040\000r\000o\000o\000t\000s\000\040\000r\000e\000p\000e\000a\000t\000?}{chapter.7}% 50
\BOOKMARK [1][-]{section.7.6}{\376\377\0007\000.\0006\000.\000\040\000C\000a\000t\000a\000l\000a\000n\000\040\000N\000u\000m\000b\000e\000r\000'\000s}{chapter.7}% 51
\BOOKMARK [1][-]{section.7.7}{\376\377\0007\000.\0007\000.\000\040\000I\000n\000c\000i\000d\000e\000n\000c\000e\000\040\000M\000a\000t\000r\000i\000c\000e\000s}{chapter.7}% 52
\BOOKMARK [1][-]{section*.9}{\376\377\000E\000x\000e\000r\000c\000i\000s\000e\000s}{chapter.7}% 53
\BOOKMARK [0][-]{chapter.8}{\376\377\000C\000h\000a\000p\000t\000e\000r\000\040\0008\000.\000\040\000G\000r\000a\000p\000h\000\040\000T\000h\000e\000o\000r\000y}{part.3}% 54
\BOOKMARK [1][-]{section.8.1}{\376\377\0008\000.\0001\000.\000\040\000D\000e\000f\000i\000n\000i\000t\000i\000o\000n\000s}{chapter.8}% 55
\BOOKMARK [1][-]{section.8.2}{\376\377\0008\000.\0002\000.\000\040\000P\000a\000t\000h\000s\000\040\000a\000n\000d\000\040\000W\000a\000l\000k\000s}{chapter.8}% 56
\BOOKMARK [1][-]{section.8.3}{\376\377\0008\000.\0003\000.\000\040\000T\000r\000e\000e\000s}{chapter.8}% 57
\BOOKMARK [1][-]{section.8.4}{\376\377\0008\000.\0004\000.\000\040\000R\000e\000a\000l\000\040\000l\000i\000f\000e\000\040\000a\000p\000p\000l\000i\000c\000a\000t\000i\000o\000n\000s}{chapter.8}% 58
\BOOKMARK [1][-]{section*.10}{\376\377\000E\000x\000e\000r\000c\000i\000s\000e\000s}{chapter.8}% 59
\BOOKMARK [0][-]{chapter.9}{\376\377\000C\000h\000a\000p\000t\000e\000r\000\040\0009\000.\000\040\000A\000\040\000N\000e\000w\000\040\000B\000r\000e\000e\000d\000\040\000o\000f\000\040\000C\000o\000u\000n\000t\000i\000n\000g}{part.3}% 60
\BOOKMARK [1][-]{section.9.1}{\376\377\0009\000.\0001\000.\000\040\000P\000i\000g\000e\000o\000n\000\040\000H\000o\000l\000e\000\040\000P\000r\000i\000n\000c\000i\000p\000l\000e}{chapter.9}% 61
\BOOKMARK [1][-]{section.9.2}{\376\377\0009\000.\0002\000.\000\040\000E\000x\000p\000e\000c\000t\000e\000d\000\040\000V\000a\000l\000u\000e\000\040\000a\000n\000d\000\040\000P\000r\000o\000b\000a\000b\000i\000l\000i\000s\000t\000i\000c\000\040\000M\000e\000t\000h\000o\000d}{chapter.9}% 62
\BOOKMARK [1][-]{section*.11}{\376\377\000E\000x\000e\000r\000c\000i\000s\000e\000s}{chapter.9}% 63
\BOOKMARK [1][-]{section*.12}{\376\377\000E\000x\000e\000r\000c\000i\000s\000e\000s}{chapter.9}% 64
\BOOKMARK [-1][-]{part.4}{\376\377\000P\000a\000r\000t\000\040\0004\000.\000\040\000A\000l\000g\000e\000b\000r\000a}{}% 65
\BOOKMARK [0][-]{chapter.10}{\376\377\000C\000h\000a\000p\000t\000e\000r\000\040\0001\0000\000.\000\040\000A\000l\000g\000e\000b\000r\000a\000i\000c\000\040\000M\000a\000n\000i\000p\000u\000l\000a\000t\000i\000o\000n\000s}{part.4}% 66
\BOOKMARK [1][-]{section.10.1}{\376\377\0001\0000\000.\0001\000.\000\040\000B\000i\000n\000o\000m\000i\000a\000l\000\040\000T\000h\000e\000o\000r\000e\000m}{chapter.10}% 67
\BOOKMARK [1][-]{section.10.2}{\376\377\0001\0000\000.\0002\000.\000\040\000C\000o\000m\000m\000o\000n\000\040\000E\000x\000p\000a\000n\000s\000i\000o\000n\000s\000\040\000a\000n\000d\000\040\000F\000a\000c\000t\000o\000r\000i\000z\000a\000t\000i\000o\000n}{chapter.10}% 68
\BOOKMARK [1][-]{section.10.3}{\376\377\0001\0000\000.\0003\000.\000\040\000M\000o\000r\000e\000\040\000F\000a\000c\000t\000o\000r\000i\000z\000a\000t\000i\000o\000n\000\040\000T\000r\000i\000c\000k\000s}{chapter.10}% 69
\BOOKMARK [1][-]{section.10.4}{\376\377\0001\0000\000.\0004\000.\000\040\000Q\000u\000a\000d\000r\000a\000t\000i\000c\000\040\000E\000q\000u\000a\000t\000i\000o\000n\000s}{chapter.10}% 70
\BOOKMARK [1][-]{section.10.5}{\376\377\0001\0000\000.\0005\000.\000\040\000V\000i\000e\000t\000a\000'\000s\000\040\000F\000o\000r\000m\000u\000l\000a}{chapter.10}% 71
\BOOKMARK [1][-]{section.10.6}{\376\377\0001\0000\000.\0006\000.\000\040\000T\000h\000e\000\040\000F\000u\000n\000d\000a\000m\000e\000n\000t\000a\000l\000\040\000T\000h\000e\000o\000r\000e\000m\000\040\000o\000f\000\040\000A\000l\000g\000e\000b\000r\000a}{chapter.10}% 72
\BOOKMARK [1][-]{section.10.7}{\376\377\0001\0000\000.\0007\000.\000\040\000N\000e\000w\000t\000o\000n\000'\000s\000\040\000S\000u\000m\000s}{chapter.10}% 73
\BOOKMARK [1][-]{section.10.8}{\376\377\0001\0000\000.\0008\000.\000\040\000R\000e\000c\000i\000p\000r\000o\000c\000a\000l\000\040\000R\000e\000l\000a\000t\000i\000o\000n\000s}{chapter.10}% 74
\BOOKMARK [1][-]{section.10.9}{\376\377\0001\0000\000.\0009\000.\000\040\000S\000o\000m\000e\000\040\000S\000p\000e\000c\000i\000a\000l\000\040\000P\000o\000l\000y\000n\000o\000m\000i\000a\000l\000s}{chapter.10}% 75
\BOOKMARK [1][-]{section*.13}{\376\377\000E\000x\000e\000r\000c\000i\000s\000e\000s}{chapter.10}% 76
\BOOKMARK [0][-]{chapter.11}{\376\377\000C\000h\000a\000p\000t\000e\000r\000\040\0001\0001\000.\000\040\000I\000n\000e\000q\000u\000a\000l\000i\000t\000i\000e\000s}{part.4}% 77
\BOOKMARK [1][-]{section.11.1}{\376\377\0001\0001\000.\0001\000.\000\040\000A\000n\000o\000t\000h\000e\000r\000\040\000n\000o\000t\000e\000\040\000o\000n\000\040\000n\000o\000t\000a\000t\000i\000o\000n}{chapter.11}% 78
\BOOKMARK [1][-]{section.11.2}{\376\377\0001\0001\000.\0002\000.\000\040\000A\000M\000-\000G\000M\000\040\000a\000n\000d\000\040\000M\000u\000i\000r\000h\000e\000a\000d}{chapter.11}% 79
\BOOKMARK [1][-]{section.11.3}{\376\377\0001\0001\000.\0003\000.\000\040\000N\000o\000n\000-\000h\000o\000m\000o\000g\000e\000n\000e\000o\000u\000s\000\040\000e\000q\000u\000a\000t\000i\000o\000n\000s}{chapter.11}% 80
\BOOKMARK [1][-]{section.11.4}{\376\377\0001\0001\000.\0004\000.\000\040\000S\000o\000m\000e\000\040\000a\000d\000v\000a\000n\000c\000e\000d\000\040\000i\000n\000e\000q\000u\000a\000l\000i\000t\000i\000e\000s}{chapter.11}% 81
\BOOKMARK [1][-]{section.11.5}{\376\377\0001\0001\000.\0005\000.\000\040\000A\000\040\000n\000o\000t\000e}{chapter.11}% 82
\BOOKMARK [1][-]{section*.14}{\376\377\000E\000x\000e\000r\000c\000i\000s\000e\000s}{chapter.11}% 83
\BOOKMARK [0][-]{chapter.12}{\376\377\000C\000h\000a\000p\000t\000e\000r\000\040\0001\0002\000.\000\040\000S\000e\000q\000u\000e\000n\000c\000e\000\040\000a\000n\000d\000\040\000S\000e\000r\000i\000e\000s}{part.4}% 84
\BOOKMARK [1][-]{section.12.1}{\376\377\0001\0002\000.\0001\000.\000\040\000S\000o\000m\000e\000\040\000n\000o\000t\000e\000s\000\040\000o\000n\000\040\000n\000o\000t\000a\000t\000i\000o\000n}{chapter.12}% 85
\BOOKMARK [1][-]{section.12.2}{\376\377\0001\0002\000.\0002\000.\000\040\000A\000r\000i\000t\000h\000m\000e\000t\000i\000c\000\040\000P\000r\000o\000g\000r\000e\000s\000s\000i\000o\000n}{chapter.12}% 86
\BOOKMARK [1][-]{section.12.3}{\376\377\0001\0002\000.\0003\000.\000\040\000G\000e\000o\000m\000e\000t\000r\000i\000c\000\040\000P\000r\000o\000g\000r\000e\000s\000s\000i\000o\000n}{chapter.12}% 87
\BOOKMARK [1][-]{section.12.4}{\376\377\0001\0002\000.\0004\000.\000\040\000I\000n\000d\000u\000c\000t\000i\000o\000n\000\040\000a\000n\000d\000\040\000S\000u\000m\000m\000a\000t\000i\000o\000n}{chapter.12}% 88
\BOOKMARK [1][-]{section.12.5}{\376\377\0001\0002\000.\0005\000.\000\040\000T\000e\000l\000e\000s\000c\000o\000p\000i\000n\000g}{chapter.12}% 89
\BOOKMARK [1][-]{section.12.6}{\376\377\0001\0002\000.\0006\000.\000\040\000R\000e\000c\000u\000r\000r\000e\000n\000c\000e\000\040\000S\000e\000r\000i\000e\000s}{chapter.12}% 90
\BOOKMARK [1][-]{section*.15}{\376\377\000E\000x\000e\000r\000c\000i\000s\000e\000s}{chapter.12}% 91
\BOOKMARK [-1][-]{part.5}{\376\377\000P\000a\000r\000t\000\040\0005\000.\000\040\000T\000h\000e\000\040\000R\000e\000d\000\040\000P\000i\000l\000l}{}% 92
\BOOKMARK [0][-]{chapter.13}{\376\377\000C\000h\000a\000p\000t\000e\000r\000\040\0001\0003\000.\000\040\000C\000a\000l\000c\000u\000l\000u\000s\000\040\000I\000:\000\040\000L\000i\000m\000i\000t\000s\000,\000\040\000C\000o\000n\000t\000i\000n\000u\000i\000t\000y\000\040\000a\000n\000d\000\040\000D\000e\000r\000i\000v\000a\000t\000i\000v\000e}{part.5}% 93
\BOOKMARK [1][-]{section.13.1}{\376\377\0001\0003\000.\0001\000.\000\040\000T\000h\000e\000\040\000R\000a\000t\000e\000\040\000o\000f\000\040\000C\000h\000a\000n\000g\000e}{chapter.13}% 94
\BOOKMARK [1][-]{section.13.2}{\376\377\0001\0003\000.\0002\000.\000\040\000S\000o\000m\000e\000\040\000f\000u\000n\000c\000t\000i\000o\000n\000s}{chapter.13}% 95
\BOOKMARK [1][-]{section.13.3}{\376\377\0001\0003\000.\0003\000.\000\040\000I\000n\000v\000e\000r\000s\000e\000\040\000T\000r\000i\000g\000o\000n\000o\000m\000e\000t\000r\000i\000c\000\040\000f\000u\000n\000c\000t\000i\000o\000n\000s}{chapter.13}% 96
\BOOKMARK [1][-]{section.13.4}{\376\377\0001\0003\000.\0004\000.\000\040\000D\000e\000r\000i\000v\000a\000t\000i\000v\000e}{chapter.13}% 97
\BOOKMARK [1][-]{section.13.5}{\376\377\0001\0003\000.\0005\000.\000\040\000S\000o\000m\000e\000\040\000m\000o\000r\000e\000\040\000n\000o\000t\000a\000t\000i\000o\000n}{chapter.13}% 98
\BOOKMARK [1][-]{section.13.6}{\376\377\0001\0003\000.\0006\000.\000\040\000P\000r\000o\000d\000u\000c\000t\000\040\000a\000n\000d\000\040\000Q\000u\000o\000t\000i\000e\000n\000t\000\040\000r\000u\000l\000e\000s}{chapter.13}% 99
\BOOKMARK [1][-]{section.13.7}{\376\377\0001\0003\000.\0007\000.\000\040\000C\000h\000a\000i\000n\000\040\000r\000u\000l\000e}{chapter.13}% 100
\BOOKMARK [1][-]{section.13.8}{\376\377\0001\0003\000.\0008\000.\000\040\000L\000i\000m\000i\000t\000s}{chapter.13}% 101
\BOOKMARK [1][-]{section.13.9}{\376\377\0001\0003\000.\0009\000.\000\040\000C\000o\000n\000t\000i\000n\000u\000i\000t\000y}{chapter.13}% 102
\BOOKMARK [1][-]{section.13.10}{\376\377\0001\0003\000.\0001\0000\000.\000\040\000A\000p\000p\000l\000i\000c\000a\000t\000i\000o\000n\000\040\000o\000f\000\040\000D\000i\000f\000f\000e\000r\000e\000n\000t\000i\000a\000t\000i\000o\000n}{chapter.13}% 103
\BOOKMARK [1][-]{section*.16}{\376\377\000E\000x\000e\000r\000c\000i\000s\000e\000s}{chapter.13}% 104
\BOOKMARK [0][-]{chapter.14}{\376\377\000C\000h\000a\000p\000t\000e\000r\000\040\0001\0004\000.\000\040\000C\000a\000l\000c\000u\000l\000u\000s\000\040\000I\000I\000:\000\040\000I\000n\000d\000e\000f\000i\000n\000i\000t\000e\000\040\000I\000n\000t\000e\000g\000r\000a\000t\000i\000o\000n}{part.5}% 105
\BOOKMARK [1][-]{section.14.1}{\376\377\0001\0004\000.\0001\000.\000\040\000T\000h\000e\000\040\000F\000u\000n\000d\000a\000m\000e\000n\000t\000a\000l\000\040\000n\000a\000t\000u\000r\000e\000\040\000o\000f\000\040\000g\000r\000a\000p\000h\000s}{chapter.14}% 106
\BOOKMARK [1][-]{section.14.2}{\376\377\0001\0004\000.\0002\000.\000\040\000I\000n\000t\000e\000g\000r\000a\000t\000i\000o\000n}{chapter.14}% 107
\BOOKMARK [1][-]{section.14.3}{\376\377\0001\0004\000.\0003\000.\000\040\000T\000e\000c\000h\000n\000i\000q\000u\000e\000s\000\040\000o\000f\000\040\000i\000n\000d\000e\000f\000i\000n\000i\000t\000e\000\040\000I\000n\000t\000e\000g\000r\000a\000t\000i\000o\000n\000:\000\040\000S\000u\000b\000s\000t\000i\000t\000u\000t\000i\000o\000n}{chapter.14}% 108
\BOOKMARK [1][-]{section.14.4}{\376\377\0001\0004\000.\0004\000.\000\040\000T\000e\000c\000h\000n\000i\000q\000u\000e\000s\000\040\000o\000f\000\040\000i\000n\000d\000e\000f\000i\000n\000i\000t\000e\000\040\000I\000n\000t\000e\000g\000r\000a\000t\000i\000o\000n\000:\000\040\000I\000n\000t\000e\000g\000r\000a\000t\000i\000o\000n\000\040\000b\000y\000\040\000P\000a\000r\000t\000s}{chapter.14}% 109
\BOOKMARK [1][-]{section.14.5}{\376\377\0001\0004\000.\0005\000.\000\040\000D\000e\000f\000i\000n\000i\000t\000e\000\040\000i\000n\000t\000e\000g\000r\000a\000t\000i\000o\000n}{chapter.14}% 110
\BOOKMARK [1][-]{section.14.6}{\376\377\0001\0004\000.\0006\000.\000\040\000K\000i\000n\000g\000'\000s\000\040\000R\000u\000l\000e}{chapter.14}% 111
\BOOKMARK [1][-]{section.14.7}{\376\377\0001\0004\000.\0007\000.\000\040\000L\000e\000i\000b\000n\000i\000t\000z\000\040\000T\000h\000e\000o\000r\000e\000m}{chapter.14}% 112
\BOOKMARK [1][-]{section.14.8}{\376\377\0001\0004\000.\0008\000.\000\040\000T\000a\000y\000l\000o\000r\000\040\000M\000a\000c\000l\000a\000u\000r\000i\000a\000n\000\040\000S\000e\000r\000i\000e\000s}{chapter.14}% 113
\BOOKMARK [1][-]{section.14.9}{\376\377\0001\0004\000.\0009\000.\000\040\000D\000i\000f\000f\000e\000r\000e\000n\000t\000i\000a\000l\000\040\000E\000q\000u\000a\000t\000i\000o\000n\000s}{chapter.14}% 114
\BOOKMARK [1][-]{section.14.10}{\376\377\0001\0004\000.\0001\0000\000.\000\040\000W\000h\000a\000t\000'\000s\000\040\000m\000o\000r\000e\000?}{chapter.14}% 115
\BOOKMARK [1][-]{section*.17}{\376\377\000E\000x\000e\000r\000c\000i\000s\000e\000s}{chapter.14}% 116
\BOOKMARK [0][-]{chapter.15}{\376\377\000C\000h\000a\000p\000t\000e\000r\000\040\0001\0005\000.\000\040\000C\000h\000-\0001\0004\000\040\000L\000i\000n\000e\000a\000r\000\040\000A\000l\000g\000e\000b\000r\000a}{part.5}% 117
\BOOKMARK [1][-]{section.15.1}{\376\377\0001\0005\000.\0001\000.\000\040\000D\000e\000t\000e\000r\000m\000i\000n\000a\000n\000t\000s}{chapter.15}% 118
\BOOKMARK [1][-]{section.15.2}{\376\377\0001\0005\000.\0002\000.\000\040\000P\000r\000o\000p\000e\000r\000t\000i\000e\000s\000\040\000o\000f\000\040\000D\000e\000t\000e\000r\000m\000i\000n\000a\000n\000t\000s}{chapter.15}% 119
\BOOKMARK [1][-]{section.15.3}{\376\377\0001\0005\000.\0003\000.\000\040\000A\000p\000p\000l\000i\000c\000a\000t\000i\000o\000n\000\040\000o\000f\000\040\000D\000e\000t\000e\000r\000m\000i\000n\000a\000n\000t\000s}{chapter.15}% 120
\BOOKMARK [1][-]{section.15.4}{\376\377\0001\0005\000.\0004\000.\000\040\000C\000r\000a\000m\000m\000e\000r\000'\000s\000\040\000R\000u\000l\000e}{chapter.15}% 121
\BOOKMARK [1][-]{section.15.5}{\376\377\0001\0005\000.\0005\000.\000\040\000T\000y\000p\000e\000s\000\040\000M\000a\000t\000r\000i\000c\000e\000s}{chapter.15}% 122
\BOOKMARK [1][-]{section.15.6}{\376\377\0001\0005\000.\0006\000.\000\040\000A\000r\000i\000t\000h\000m\000e\000t\000i\000c\000\040\000o\000f\000\040\000M\000a\000t\000r\000i\000c\000e\000s}{chapter.15}% 123
\BOOKMARK [1][-]{section.15.7}{\376\377\0001\0005\000.\0007\000.\000\040\000T\000h\000e\000\040\000b\000r\000i\000d\000g\000e}{chapter.15}% 124
\BOOKMARK [1][-]{section.15.8}{\376\377\0001\0005\000.\0008\000.\000\040\000S\000o\000m\000e\000\040\000m\000o\000r\000e\000\040\000s\000p\000e\000c\000i\000a\000l\000\040\000m\000a\000t\000r\000i\000c\000e\000s}{chapter.15}% 125
\BOOKMARK [1][-]{section.15.9}{\376\377\0001\0005\000.\0009\000.\000\040\000A\000d\000j\000o\000i\000n\000t\000\040\000a\000n\000d\000\040\000I\000n\000v\000e\000r\000s\000e\000\040\000o\000f\000\040\000M\000a\000t\000r\000i\000c\000e\000s}{chapter.15}% 126
\BOOKMARK [1][-]{section.15.10}{\376\377\0001\0005\000.\0001\0000\000.\000\040\000S\000y\000s\000t\000e\000m\000\040\000o\000f\000\040\000l\000i\000n\000e\000a\000r\000\040\000E\000q\000u\000a\000t\000i\000o\000n\000s\000\040\000u\000s\000i\000n\000g\000\040\000M\000a\000t\000r\000i\000c\000e\000s}{chapter.15}% 127
\BOOKMARK [1][-]{section.15.11}{\376\377\0001\0005\000.\0001\0001\000.\000\040\000C\000h\000a\000r\000a\000c\000t\000e\000r\000i\000s\000t\000i\000c\000\040\000E\000q\000u\000a\000t\000i\000o\000n\000\040\000a\000n\000d\000\040\000C\000a\000y\000l\000e\000y\000\040\000H\000a\000m\000i\000l\000t\000o\000n\000\040\000T\000h\000e\000o\000r\000e\000m}{chapter.15}% 128
\BOOKMARK [1][-]{section.15.12}{\376\377\0001\0005\000.\0001\0002\000.\000\040\000N\000e\000t\000f\000l\000i\000x\000\040\000a\000n\000d\000\040\000S\000p\000o\000t\000i\000f\000y\000\040\000a\000n\000d\000\040\000M\000a\000t\000r\000i\000c\000e\000s\000.\000.\000.}{chapter.15}% 129
\BOOKMARK [1][-]{section*.18}{\376\377\000E\000x\000e\000r\000c\000i\000s\000e\000s}{chapter.15}% 130
\BOOKMARK [0][-]{chapter.16}{\376\377\000C\000h\000a\000p\000t\000e\000r\000\040\0001\0006\000.\000\040\000I\000n\000e\000q\000u\000a\000l\000i\000t\000i\000e\000s\000\040\000R\000e\000v\000i\000s\000i\000t\000e\000d}{part.5}% 131
\BOOKMARK [1][-]{section.16.1}{\376\377\0001\0006\000.\0001\000.\000\040\000R\000e\000a\000r\000r\000a\000n\000g\000e\000m\000e\000n\000t\000\040\000I\000n\000e\000q\000u\000a\000l\000i\000t\000i\000e\000s}{chapter.16}% 132
\BOOKMARK [1][-]{section.16.2}{\376\377\0001\0006\000.\0002\000.\000\040\000I\000n\000e\000q\000u\000a\000l\000i\000t\000i\000e\000s\000\040\000i\000n\000\040\000A\000r\000b\000i\000t\000r\000a\000r\000y\000\040\000F\000u\000n\000c\000t\000i\000o\000n\000s}{chapter.16}% 133
\BOOKMARK [1][-]{section.16.3}{\376\377\0001\0006\000.\0003\000.\000\040\000T\000a\000n\000g\000e\000n\000t\000\040\000L\000i\000n\000e\000\040\000T\000r\000i\000c\000k}{chapter.16}% 134
\BOOKMARK [1][-]{section.16.4}{\376\377\0001\0006\000.\0004\000.\000\040\000S\000E\000B\000A\000C\000S\000\040\000G\000e\000n\000e\000r\000a\000l\000i\000z\000e\000d}{chapter.16}% 135
\BOOKMARK [1][-]{section.16.5}{\376\377\0001\0006\000.\0005\000.\000\040\000L\000a\000g\000r\000a\000n\000g\000e\000\040\000M\000u\000l\000t\000i\000p\000l\000i\000e\000r\000s}{chapter.16}% 136
\BOOKMARK [1][-]{section.16.6}{\376\377\0001\0006\000.\0006\000.\000\040\000S\000u\000m\000\040\000u\000s\000e\000s\000\040\000o\000f\000\040\000C\000a\000l\000c}{chapter.16}% 137
\BOOKMARK [1][-]{section*.19}{\376\377\000E\000x\000e\000r\000c\000i\000s\000e\000s}{chapter.16}% 138
\BOOKMARK [-1][-]{part.6}{\376\377\000P\000a\000r\000t\000\040\0006\000.\000\040\000N\000u\000m\000b\000e\000r\000\040\000T\000h\000e\000o\000r\000y}{}% 139
\BOOKMARK [0][-]{chapter.17}{\376\377\000C\000h\000a\000p\000t\000e\000r\000\040\0001\0007\000.\000\040\000W\000e\000a\000r\000i\000n\000g\000\040\000t\000h\000e\000\040\000C\000r\000o\000w\000n\000\040\000o\000f\000\040\000M\000a\000t\000h\000e\000m\000a\000t\000i\000c\000s}{part.6}% 140
\BOOKMARK [1][-]{section.17.1}{\376\377\0001\0007\000.\0001\000.\000\040\000D\000i\000v\000i\000s\000i\000o\000n}{chapter.17}% 141
\BOOKMARK [1][-]{section.17.2}{\376\377\0001\0007\000.\0002\000.\000\040\000C\000o\000n\000g\000r\000u\000e\000n\000c\000e\000\040\000M\000o\000d\000u\000l\000o}{chapter.17}% 142
\BOOKMARK [1][-]{section.17.3}{\376\377\0001\0007\000.\0003\000.\000\040\000P\000r\000i\000m\000e\000\040\000N\000u\000m\000b\000e\000r\000s}{chapter.17}% 143
\BOOKMARK [1][-]{section.17.4}{\376\377\0001\0007\000.\0004\000.\000\040\000N\000u\000m\000b\000e\000r\000\040\000B\000a\000s\000e\000s}{chapter.17}% 144
\BOOKMARK [1][-]{section.17.5}{\376\377\0001\0007\000.\0005\000.\000\040\000D\000i\000v\000i\000s\000i\000b\000i\000l\000i\000t\000y\000\040\000r\000u\000l\000e\000s}{chapter.17}% 145
\BOOKMARK [1][-]{section.17.6}{\376\377\0001\0007\000.\0006\000.\000\040\000N\000a\000t\000u\000r\000e\000\040\000o\000f\000\040\000F\000a\000c\000t\000o\000r\000s}{chapter.17}% 146
\BOOKMARK [1][-]{section.17.7}{\376\377\0001\0007\000.\0007\000.\000\040\000L\000e\000g\000e\000n\000d\000r\000e\040\031\000s\000\040\000T\000h\000e\000o\000r\000e\000m}{chapter.17}% 147
\BOOKMARK [1][-]{section.17.8}{\376\377\0001\0007\000.\0008\000.\000\040\000I\000r\000r\000a\000t\000i\000o\000n\000a\000l\000i\000t\000y}{chapter.17}% 148
\BOOKMARK [1][-]{section*.20}{\376\377\000E\000x\000e\000r\000c\000i\000s\000e\000s}{chapter.17}% 149
\BOOKMARK [0][-]{chapter.18}{\376\377\000C\000h\000a\000p\000t\000e\000r\000\040\0001\0008\000.\000\040\000M\000o\000d\000u\000l\000a\000r\000\040\000A\000r\000i\000t\000h\000m\000e\000t\000i\000c}{part.6}% 150
\BOOKMARK [1][-]{section.18.1}{\376\377\0001\0008\000.\0001\000.\000\040\000M\000o\000d\000u\000l\000o\000\040\000I\000n\000v\000e\000r\000s\000e}{chapter.18}% 151
\BOOKMARK [1][-]{section.18.2}{\376\377\0001\0008\000.\0002\000.\000\040\000F\000e\000r\000m\000a\000t\000'\000s\000\040\000L\000i\000t\000t\000l\000e\000\040\000T\000h\000e\000o\000r\000e\000m}{chapter.18}% 152
\BOOKMARK [1][-]{section.18.3}{\376\377\0001\0008\000.\0003\000.\000\040\000E\000u\000l\000e\000r\000'\000s\000\040\000T\000o\000t\000i\000e\000n\000t\000\040\000T\000h\000e\000o\000r\000e\000m}{chapter.18}% 153
\BOOKMARK [1][-]{section.18.4}{\376\377\0001\0008\000.\0004\000.\000\040\000W\000i\000l\000s\000o\000n\000'\000s\000\040\000T\000h\000e\000o\000r\000e\000m}{chapter.18}% 154
\BOOKMARK [1][-]{section.18.5}{\376\377\0001\0008\000.\0005\000.\000\040\000C\000h\000i\000n\000e\000s\000e\000\040\000R\000e\000m\000a\000i\000n\000d\000e\000r\000\040\000T\000h\000e\000o\000r\000e\000m}{chapter.18}% 155
\BOOKMARK [1][-]{section*.21}{\376\377\000E\000x\000e\000r\000c\000i\000s\000e\000s}{chapter.18}% 156
\BOOKMARK [0][-]{chapter.19}{\376\377\000C\000h\000a\000p\000t\000e\000r\000\040\0001\0009\000.\000\040\000F\000u\000n\000c\000t\000i\000o\000n\000a\000l\000\040\000E\000q\000u\000a\000t\000i\000o\000n\000s}{part.6}% 157
\BOOKMARK [1][-]{section.19.1}{\376\377\0001\0009\000.\0001\000.\000\040\000S\000o\000m\000e\000\040\000d\000e\000f\000i\000n\000i\000t\000i\000o\000n\000s}{chapter.19}% 158
\BOOKMARK [1][-]{section.19.2}{\376\377\0001\0009\000.\0002\000.\000\040\000B\000a\000s\000i\000c\000\040\000F\000u\000n\000c\000t\000i\000o\000n\000a\000l\000\040\000E\000q\000u\000a\000t\000i\000o\000n\000s}{chapter.19}% 159
\BOOKMARK [1][-]{section.19.3}{\376\377\0001\0009\000.\0003\000.\000\040\000S\000o\000m\000e\000\040\000m\000e\000t\000h\000o\000d\000s\000\040\000o\000f\000\040\000s\000o\000l\000v\000i\000n\000g}{chapter.19}% 160
\BOOKMARK [1][-]{section.19.4}{\376\377\0001\0009\000.\0004\000.\000\040\000C\000a\000u\000c\000h\000y\000'\000s\000\040\000F\000u\000n\000c\000t\000i\000o\000n\000a\000l\000\040\000E\000q\000u\000a\000t\000i\000o\000n\000s}{chapter.19}% 161
\BOOKMARK [1][-]{section.19.5}{\376\377\0001\0009\000.\0005\000.\000\040\000C\000h\000e\000c\000k\000l\000i\000s\000t\000\040\000f\000o\000r\000\040\000F\000u\000n\000c\000t\000i\000o\000n\000a\000l\000\040\000E\000q\000u\000a\000t\000i\000o\000n\000\040\000S\000o\000l\000v\000i\000n\000g}{chapter.19}% 162
\BOOKMARK [1][-]{section*.22}{\376\377\000E\000x\000e\000r\000c\000i\000s\000e\000s}{chapter.19}% 163
\BOOKMARK [0][-]{chapter.20}{\376\377\000C\000h\000a\000p\000t\000e\000r\000\040\0002\0000\000.\000\040\000D\000i\000o\000p\000h\000a\000n\000t\000i\000n\000e\000\040\000E\000q\000u\000a\000t\000i\000o\000n\000s}{part.6}% 164
\BOOKMARK [1][-]{section.20.1}{\376\377\0002\0000\000.\0001\000.\000\040\000L\000i\000n\000e\000a\000r\000\040\000D\000i\000o\000p\000h\000a\000n\000t\000i\000n\000e\000\040\000E\000q\000u\000a\000t\000i\000o\000n\000s}{chapter.20}% 165
\BOOKMARK [1][-]{section.20.2}{\376\377\0002\0000\000.\0002\000.\000\040\000P\000a\000r\000i\000t\000y\000\040\000A\000r\000g\000u\000m\000e\000n\000t\000s}{chapter.20}% 166
\BOOKMARK [1][-]{section.20.3}{\376\377\0002\0000\000.\0003\000.\000\040\000A\000l\000g\000e\000b\000r\000a\000i\000c\000\040\000m\000e\000t\000h\000o\000d\000s}{chapter.20}% 167
\BOOKMARK [1][-]{section.20.4}{\376\377\0002\0000\000.\0004\000.\000\040\000M\000o\000d\000u\000l\000a\000r\000\040\000C\000o\000n\000t\000r\000a\000d\000i\000c\000t\000i\000o\000n\000\040\000M\000e\000t\000h\000o\000d}{chapter.20}% 168
\BOOKMARK [1][-]{section.20.5}{\376\377\0002\0000\000.\0005\000.\000\040\000P\000y\000t\000h\000a\000g\000o\000r\000e\000a\000n\000\040\000T\000r\000i\000p\000l\000e\000t\000s}{chapter.20}% 169
\BOOKMARK [1][-]{section.20.6}{\376\377\0002\0000\000.\0006\000.\000\040\000I\000n\000f\000i\000n\000i\000t\000e\000\040\000D\000e\000s\000c\000e\000n\000t}{chapter.20}% 170
\BOOKMARK [1][-]{section.20.7}{\376\377\0002\0000\000.\0007\000.\000\040\000V\000i\000e\000t\000a\000\040\000J\000u\000m\000p\000i\000n\000g}{chapter.20}% 171
\BOOKMARK [1][-]{section*.23}{\376\377\000E\000x\000e\000r\000c\000i\000s\000e\000s}{chapter.20}% 172
\BOOKMARK [-1][-]{part.7}{\376\377\000P\000a\000r\000t\000\040\0007\000.\000\040\000T\000h\000e\000\040\000N\000u\000m\000b\000e\000r\000'\000s\000\040\000A\000w\000a\000k\000e\000n}{}% 173
\BOOKMARK [0][-]{chapter.21}{\376\377\000C\000h\000a\000p\000t\000e\000r\000\040\0002\0001\000.\000\040\000B\000a\000z\000o\000o\000k\000a\000!}{part.7}% 174
\BOOKMARK [1][-]{section.21.1}{\376\377\0002\0001\000.\0001\000.\000\040\000S\000u\000r\000p\000r\000i\000s\000i\000n\000g\000l\000y\000,\000\040\000n\000o\000t\000\040\000c\000o\000m\000p\000l\000e\000x\000!}{chapter.21}% 175
\BOOKMARK [1][-]{section.21.2}{\376\377\0002\0001\000.\0002\000.\000\040\000O\000r\000d\000e\000r\000s}{chapter.21}% 176
\BOOKMARK [1][-]{section.21.3}{\376\377\0002\0001\000.\0003\000.\000\040\000C\000h\000i\000c\000k\000e\000n\000\040\000M\000c\000n\000u\000g\000g\000e\000t\000\040\000T\000h\000e\000o\000r\000e\000m}{chapter.21}% 177
\BOOKMARK [1][-]{section.21.4}{\376\377\0002\0001\000.\0004\000.\000\040\000P\000e\000l\000l\000'\000s\000\040\000E\000q\000u\000a\000t\000i\000o\000n\000s}{chapter.21}% 178
\BOOKMARK [1][-]{section.21.5}{\376\377\0002\0001\000.\0005\000.\000\040\000F\000l\000o\000o\000r\000,\000\040\000C\000e\000i\000l\000i\000n\000g\000\040\000a\000n\000d\000\040\000f\000r\000a\000c\000t\000i\000o\000n\000a\000l\000\040\000f\000u\000n\000c\000t\000i\000o\000n}{chapter.21}% 179
\BOOKMARK [1][-]{section.21.6}{\376\377\0002\0001\000.\0006\000.\000\040\000B\000l\000a\000c\000k\000\040\000B\000o\000x\000e\000s}{chapter.21}% 180
\BOOKMARK [1][-]{section*.24}{\376\377\000E\000x\000e\000r\000c\000i\000s\000e\000s}{chapter.21}% 181
\BOOKMARK [0][-]{chapter.22}{\376\377\000C\000h\000a\000p\000t\000e\000r\000\040\0002\0002\000.\000\040\000C\000o\000n\000s\000t\000r\000u\000c\000t\000i\000o\000n\000s}{part.7}% 182
\BOOKMARK [1][-]{section.22.1}{\376\377\0002\0002\000.\0001\000.\000\040\000C\000h\000i\000n\000e\000s\000e\000\040\000R\000e\000m\000a\000i\000n\000d\000e\000r\000\040\000T\000h\000e\000o\000r\000e\000m}{chapter.22}% 183
\BOOKMARK [1][-]{section*.25}{\376\377\000E\000x\000e\000r\000c\000i\000s\000e\000s}{chapter.22}% 184
\BOOKMARK [-1][-]{part.8}{\376\377\000P\000a\000r\000t\000\040\0008\000.\000\040\000G\000e\000o\000m\000e\000t\000r\000y}{}% 185
\BOOKMARK [0][-]{chapter.23}{\376\377\000C\000h\000a\000p\000t\000e\000r\000\040\0002\0003\000.\000\040\000A\000n\000g\000l\000e\000\040\000C\000h\000a\000s\000i\000n\000g}{part.8}% 186
\BOOKMARK [1][-]{section.23.1}{\376\377\0002\0003\000.\0001\000.\000\040\000T\000r\000i\000a\000n\000g\000l\000e\000\040\000C\000e\000n\000t\000e\000r\000s}{chapter.23}% 187
\BOOKMARK [1][-]{section.23.2}{\376\377\0002\0003\000.\0002\000.\000\040\000C\000y\000c\000l\000i\000c\000\040\000Q\000u\000a\000d\000r\000i\000l\000a\000t\000e\000r\000a\000l\000s}{chapter.23}% 188
\BOOKMARK [-1][-]{part.9}{\376\377\000P\000a\000r\000t\000\040\0009\000.\000\040\000E\000x\000t\000r\000a\000s}{}% 189
\BOOKMARK [0][-]{chapter.24}{\376\377\000C\000h\000a\000p\000t\000e\000r\000\040\0002\0004\000.\000\040\000A\000n\000t\000i\000-\000p\000r\000o\000b\000l\000e\000m\000s}{part.9}% 190
\BOOKMARK [1][-]{section.24.1}{\376\377\0002\0004\000.\0001\000.\000\040\000A\000n\000t\000i\000-\000P\000r\000o\000b\000l\000e\000m\000s}{chapter.24}% 191
\BOOKMARK [1][-]{section*.26}{\376\377\000E\000x\000e\000r\000c\000i\000s\000e}{chapter.24}% 192
\BOOKMARK [0][-]{chapter.25}{\376\377\000C\000h\000a\000p\000t\000e\000r\000\040\0002\0005\000.\000\040\000E\000n\000g\000i\000n\000e\000e\000r\000i\000n\000g}{part.9}% 193
\BOOKMARK [1][-]{section.25.1}{\376\377\0002\0005\000.\0001\000.\000\040\000A\000b\000u\000s\000e\000\040\000o\000f\000\040\000D\000e\000g\000r\000e\000e\000\040\000o\000f\000\040\000F\000r\000e\000e\000d\000o\000m}{chapter.25}% 194
\BOOKMARK [-1][-]{part.10}{\376\377\000P\000a\000r\000t\000\040\0001\0000\000.\000\040\000A\000p\000p\000e\000n\000d\000i\000x}{}% 195
\BOOKMARK [0][-]{appendix.A}{\376\377\000A\000p\000p\000e\000n\000d\000i\000x\000\040\000A\000.\000\040\000A\000p\000p\000e\000n\000d\000i\000x\000\040\000A\000:\000\040\000J\000u\000s\000t\000i\000f\000i\000c\000a\000t\000i\000o\000n\000s\000,\000\040\000R\000a\000m\000i\000f\000i\000c\000a\000t\000i\000o\000n\000s\000\040\000a\000n\000d\000\040\000E\000x\000c\000u\000s\000e\000s}{part.10}% 196
\BOOKMARK [1][-]{section.A.1}{\376\377\000A\000.\0001\000.\000\040\000I\000n\000t\000r\000o\000d\000u\000c\000t\000o\000r\000y\000\040\000P\000r\000o\000b\000l\000e\000m\000s}{appendix.A}% 197
\BOOKMARK [0][-]{appendix.B}{\376\377\000A\000p\000p\000e\000n\000d\000i\000x\000\040\000B\000.\000\040\000A\000p\000p\000e\000n\000d\000i\000x\000\040\000B\000:\000\040\000H\000i\000n\000t\000s}{part.10}% 198
\BOOKMARK [0][-]{appendix.C}{\376\377\000A\000p\000p\000e\000n\000d\000i\000x\000\040\000C\000.\000\040\000A\000p\000p\000e\000n\000d\000i\000x\000\040\000C\000:\000\040\000S\000e\000l\000e\000c\000t\000e\000d\000\040\000S\000o\000l\000u\000t\000i\000o\000n\000s}{part.10}% 199
\BOOKMARK [0][-]{appendix.D}{\376\377\000A\000p\000p\000e\000n\000d\000i\000x\000\040\000D\000.\000\040\000A\000p\000p\000e\000n\000d\000i\000x\000\040\000D\000:\000\040\000B\000o\000r\000r\000o\000w\000e\000d\000\040\000B\000r\000i\000l\000l\000i\000e\000n\000c\000e}{part.10}% 200
\BOOKMARK [1][-]{section.D.1}{\376\377\000D\000.\0001\000.\000\040\000A\000l\000m\000o\000s\000t\000\040\000e\000v\000e\000r\000y\000\040\000p\000a\000r\000t}{appendix.D}% 201
\BOOKMARK [1][-]{section.D.2}{\376\377\000D\000.\0002\000.\000\040\000I\000n\000t\000r\000o\000d\000u\000c\000t\000o\000r\000y\000\040\000P\000r\000o\000b\000l\000e\000m\000s}{appendix.D}% 202
\BOOKMARK [1][-]{section.D.3}{\376\377\000D\000.\0003\000.\000\040\000P\000e\000r\000m\000u\000t\000a\000t\000i\000o\000n\000s\000\040\000a\000n\000d\000\040\000C\000o\000m\000b\000i\000n\000a\000t\000i\000o\000n\000s}{appendix.D}% 203
\BOOKMARK [1][-]{section.D.4}{\376\377\000D\000.\0004\000.\000\040\000D\000o\000w\000n\000\040\000T\000h\000e\000\040\000R\000a\000b\000b\000i\000t\000\040\000H\000o\000l\000e}{appendix.D}% 204
\BOOKMARK [1][-]{section.D.5}{\376\377\000D\000.\0005\000.\000\040\000A\000l\000g\000e\000b\000r\000a}{appendix.D}% 205
\BOOKMARK [1][-]{section.D.6}{\376\377\000D\000.\0006\000.\000\040\000T\000h\000e\000\040\000R\000e\000d\000\040\000P\000i\000l\000l}{appendix.D}% 206
\BOOKMARK [1][-]{section.D.7}{\376\377\000D\000.\0007\000.\000\040\000N\000u\000m\000b\000e\000r\000\040\000T\000h\000e\000o\000r\000y}{appendix.D}% 207
\BOOKMARK [1][-]{section.D.8}{\376\377\000D\000.\0008\000.\000\040\000T\000h\000e\000\040\000N\000u\000m\000b\000e\000r\000s\000\040\000A\000w\000a\000k\000e\000n}{appendix.D}% 208
\BOOKMARK [0][-]{appendix.E}{\376\377\000A\000p\000p\000e\000n\000d\000i\000x\000\040\000E\000.\000\040\000A\000p\000p\000e\000n\000d\000i\000x\000\040\000E\000:\000\040\000P\000r\000o\000b\000l\000e\000m\000\040\000S\000o\000u\000r\000c\000e\000s}{part.10}% 209
